============================================================
EXPERIMENT: exp068_f2_only
============================================================

[1] Loading data...
    Using cached labels (matching cached features)
    Train: 1500 (500 AF)
    Test:  106 (51 AF)

[2] Loading features...
    Loading cached train features...
    Loading cached test features...

[3] Preparing data...
    Train: 1200, Val: 300, Test: 106

[4] Training probe...
    Early stopping at epoch 101

[5] Evaluating...

============================================================
RESULTS
============================================================
  Val AUROC:  0.8824
  Test AUROC: 0.7939
  Delta:      +0.0939 vs baseline

  Saved to: /home/vincent/researchRalph/results/exp068_f2_only.json
