============================================================
EXPERIMENT: exp077_max_all
============================================================

[1] Loading data...
    Using cached labels (matching cached features)
    Train: 1500 (500 AF)
    Test:  106 (51 AF)

[2] Loading features...
    Loading cached train features...
    Loading cached test features...

[3] Preparing data...
    Train: 1200, Val: 300, Test: 106

[4] Training probe...

[5] Evaluating...

============================================================
RESULTS
============================================================
  Val AUROC:  0.6455
  Test AUROC: 0.6749
  Delta:      -0.0251 vs baseline

  Saved to: /home/vincent/researchRalph/results/exp077_max_all.json
