============================================================
EXPERIMENT: exp033_binary_threshold_05
============================================================

[1] Loading data...
    Using cached labels (matching cached features)
    Train: 1500 (500 AF)
    Test:  106 (51 AF)

[2] Loading features...
    Loading cached train features...
    Loading cached test features...

[3] Preparing data...
    Train: 1200, Val: 300, Test: 106

[4] Training probe...
    Early stopping at epoch 102

[5] Evaluating...

============================================================
RESULTS
============================================================
  Val AUROC:  0.8766
  Test AUROC: 0.7724
  Delta:      +0.0724 vs baseline

  Saved to: /home/vincent/researchRalph/results/exp033_binary_threshold_05.json
