============================================================
EXPERIMENT: exp026_binary_log_l40
============================================================

[1] Loading data...
    Using cached labels (matching cached features)
    Train: 1500 (500 AF)
    Test:  106 (51 AF)

[2] Loading features...
    Loading cached train features...
    Loading cached test features...

[3] Preparing data...
    Train: 1200, Val: 300, Test: 106

[4] Training probe...

[5] Evaluating...

============================================================
RESULTS
============================================================
  Val AUROC:  0.8584
  Test AUROC: 0.7768
  Delta:      +0.0768 vs baseline

  Saved to: /home/vincent/researchRalph/results/exp026_binary_log_l40.json
