============================================================
EXPERIMENT: exp031_sqrt_transform
============================================================

[1] Loading data...
    Using cached labels (matching cached features)
    Train: 1500 (500 AF)
    Test:  106 (51 AF)

[2] Loading features...
    Loading cached train features...
    Loading cached test features...

[3] Preparing data...
    Train: 1200, Val: 300, Test: 106

[4] Training probe...

[5] Evaluating...

============================================================
RESULTS
============================================================
  Val AUROC:  0.8817
  Test AUROC: 0.7369
  Delta:      +0.0369 vs baseline

  Saved to: /home/vincent/researchRalph/results/exp031_sqrt_transform.json
