============================================================
EXPERIMENT: exp041_binary_log_l2reg
============================================================

[1] Loading data...
    Using cached labels (matching cached features)
    Train: 1500 (500 AF)
    Test:  106 (51 AF)

[2] Loading features...
    Loading cached train features...
    Loading cached test features...

[3] Preparing data...
    Train: 1200, Val: 300, Test: 106

[4] Training probe...

[5] Evaluating...

============================================================
RESULTS
============================================================
  Val AUROC:  0.8885
  Test AUROC: 0.7889
  Delta:      +0.0889 vs baseline

  Saved to: /home/vincent/researchRalph/results/exp041_binary_log_l2reg.json
