Starting experiment run at Tue Jan 20 06:36:26 AM UTC 2026
========================================
SKIP: exp001_attention_pool (already has results)
SKIP: exp002_feature_weight (already has results)
SKIP: exp003_max_only (already has results)
SKIP: exp004_position_aware (already has results)
SKIP: exp005_dropout (already has results)
SKIP: exp006_dropout_heavy (already has results)
SKIP: exp007_mlp_dropout (already has results)
SKIP: exp008_topk_max (already has results)
SKIP: exp009_log_transform (already has results)
SKIP: exp010_binary (already has results)
SKIP: exp011_binary_log (already has results)
SKIP: exp012_binary_dropout (already has results)
SKIP: exp013_binary_threshold (already has results)
SKIP: exp014_binary_norm (already has results)
SKIP: exp015_log_dropout (already has results)
SKIP: exp016_binary_log_dropout (already has results)
SKIP: exp017_binary_log_extended (already has results)
SKIP: exp018_binary_log_heavy_drop (already has results)
SKIP: exp019_l53_only (already has results)
SKIP: exp020_l40_only (already has results)
SKIP: exp021_l40_l31 (already has results)
SKIP: exp022_single_best (already has results)
SKIP: exp023_top2_l40 (already has results)
SKIP: exp024_drop_f0 (already has results)
SKIP: exp025_orig_log_dropout (already has results)

========================================
RUNNING: exp026_binary_log_l40 at Tue Jan 20 06:36:26 AM UTC 2026
Probe: probes/exp026_binary_log_l40.py
============================================================
EXPERIMENT: exp026_binary_log_l40
============================================================

[1] Loading data...
    Using cached labels (matching cached features)
    Train: 1500 (500 AF)
    Test:  106 (51 AF)

[2] Loading features...
    Loading cached train features...
    Loading cached test features...

[3] Preparing data...
    Train: 1200, Val: 300, Test: 106

[4] Training probe...

[5] Evaluating...

============================================================
RESULTS
============================================================
  Val AUROC:  0.8584
  Test AUROC: 0.7768
  Delta:      +0.0768 vs baseline

  Saved to: /home/vincent/researchRalph/results/exp026_binary_log_l40.json
RESULT: exp026_binary_log_l40 = 0.7768 AUROC

========================================
RUNNING: exp027_binary_log_top4 at Tue Jan 20 06:36:28 AM UTC 2026
Probe: probes/exp027_binary_log_top4.py
============================================================
EXPERIMENT: exp027_binary_log_top4
============================================================

[1] Loading data...
    Using cached labels (matching cached features)
    Train: 1500 (500 AF)
    Test:  106 (51 AF)

[2] Loading features...
    Loading cached train features...
    Loading cached test features...

[3] Preparing data...
    Train: 1200, Val: 300, Test: 106

[4] Training probe...

[5] Evaluating...

============================================================
RESULTS
============================================================
  Val AUROC:  0.8712
  Test AUROC: 0.7287
  Delta:      +0.0287 vs baseline

  Saved to: /home/vincent/researchRalph/results/exp027_binary_log_top4.json
RESULT: exp027_binary_log_top4 = 0.7287 AUROC

========================================
RUNNING: exp028_binary_log_drop03 at Tue Jan 20 06:36:31 AM UTC 2026
Probe: probes/exp028_binary_log_drop03.py
============================================================
EXPERIMENT: exp028_binary_log_drop03
============================================================

[1] Loading data...
    Using cached labels (matching cached features)
    Train: 1500 (500 AF)
    Test:  106 (51 AF)

[2] Loading features...
    Loading cached train features...
    Loading cached test features...

[3] Preparing data...
    Train: 1200, Val: 300, Test: 106

[4] Training probe...

[5] Evaluating...

============================================================
RESULTS
============================================================
  Val AUROC:  0.8883
  Test AUROC: 0.7793
  Delta:      +0.0793 vs baseline

  Saved to: /home/vincent/researchRalph/results/exp028_binary_log_drop03.json
RESULT: exp028_binary_log_drop03 = 0.7793 AUROC

========================================
RUNNING: exp029_binary_log_drop02 at Tue Jan 20 06:36:33 AM UTC 2026
Probe: probes/exp029_binary_log_drop02.py
============================================================
EXPERIMENT: exp029_binary_log_drop02
============================================================

[1] Loading data...
    Using cached labels (matching cached features)
    Train: 1500 (500 AF)
    Test:  106 (51 AF)

[2] Loading features...
    Loading cached train features...
    Loading cached test features...

[3] Preparing data...
    Train: 1200, Val: 300, Test: 106

[4] Training probe...

[5] Evaluating...

============================================================
RESULTS
============================================================
  Val AUROC:  0.8880
  Test AUROC: 0.7818
  Delta:      +0.0818 vs baseline

  Saved to: /home/vincent/researchRalph/results/exp029_binary_log_drop02.json
RESULT: exp029_binary_log_drop02 = 0.7818 AUROC

========================================
RUNNING: exp030_binary_log_sum_only at Tue Jan 20 06:36:35 AM UTC 2026
Probe: probes/exp030_binary_log_sum_only.py
============================================================
EXPERIMENT: exp030_binary_log_sum_only
============================================================

[1] Loading data...
    Using cached labels (matching cached features)
    Train: 1500 (500 AF)
    Test:  106 (51 AF)

[2] Loading features...
    Loading cached train features...
    Loading cached test features...

[3] Preparing data...
    Train: 1200, Val: 300, Test: 106

[4] Training probe...
    Early stopping at epoch 129

[5] Evaluating...

============================================================
RESULTS
============================================================
  Val AUROC:  0.8566
  Test AUROC: 0.6569
  Delta:      -0.0431 vs baseline

  Saved to: /home/vincent/researchRalph/results/exp030_binary_log_sum_only.json
RESULT: exp030_binary_log_sum_only = 0.6569 AUROC

========================================
RUNNING: exp031_sqrt_transform at Tue Jan 20 06:36:38 AM UTC 2026
Probe: probes/exp031_sqrt_transform.py
============================================================
EXPERIMENT: exp031_sqrt_transform
============================================================

[1] Loading data...
    Using cached labels (matching cached features)
    Train: 1500 (500 AF)
    Test:  106 (51 AF)

[2] Loading features...
    Loading cached train features...
    Loading cached test features...

[3] Preparing data...
    Train: 1200, Val: 300, Test: 106

[4] Training probe...

[5] Evaluating...

============================================================
RESULTS
============================================================
  Val AUROC:  0.8817
  Test AUROC: 0.7369
  Delta:      +0.0369 vs baseline

  Saved to: /home/vincent/researchRalph/results/exp031_sqrt_transform.json
RESULT: exp031_sqrt_transform = 0.7369 AUROC

========================================
RUNNING: exp032_percentile_90 at Tue Jan 20 06:36:40 AM UTC 2026
Probe: probes/exp032_percentile_90.py
============================================================
EXPERIMENT: exp032_percentile_90
============================================================

[1] Loading data...
    Using cached labels (matching cached features)
    Train: 1500 (500 AF)
    Test:  106 (51 AF)

[2] Loading features...
    Loading cached train features...
    Loading cached test features...

[3] Preparing data...
    Train: 1200, Val: 300, Test: 106

[4] Training probe...

[5] Evaluating...

============================================================
RESULTS
============================================================
  Val AUROC:  0.8714
  Test AUROC: 0.7333
  Delta:      +0.0333 vs baseline

  Saved to: /home/vincent/researchRalph/results/exp032_percentile_90.json
RESULT: exp032_percentile_90 = 0.7333 AUROC

========================================
RUNNING: exp033_binary_threshold_05 at Tue Jan 20 06:36:43 AM UTC 2026
Probe: probes/exp033_binary_threshold_05.py
============================================================
EXPERIMENT: exp033_binary_threshold_05
============================================================

[1] Loading data...
    Using cached labels (matching cached features)
    Train: 1500 (500 AF)
    Test:  106 (51 AF)

[2] Loading features...
    Loading cached train features...
    Loading cached test features...

[3] Preparing data...
    Train: 1200, Val: 300, Test: 106

[4] Training probe...
    Early stopping at epoch 102

[5] Evaluating...

============================================================
RESULTS
============================================================
  Val AUROC:  0.8766
  Test AUROC: 0.7724
  Delta:      +0.0724 vs baseline

  Saved to: /home/vincent/researchRalph/results/exp033_binary_threshold_05.json
RESULT: exp033_binary_threshold_05 = 0.7724 AUROC

========================================
RUNNING: exp034_binary_threshold_01 at Tue Jan 20 06:36:45 AM UTC 2026
Probe: probes/exp034_binary_threshold_01.py
============================================================
EXPERIMENT: exp034_binary_threshold_01
============================================================

[1] Loading data...
    Using cached labels (matching cached features)
    Train: 1500 (500 AF)
    Test:  106 (51 AF)

[2] Loading features...
    Loading cached train features...
    Loading cached test features...

[3] Preparing data...
    Train: 1200, Val: 300, Test: 106

[4] Training probe...
    Early stopping at epoch 102

[5] Evaluating...

============================================================
RESULTS
============================================================
  Val AUROC:  0.8766
  Test AUROC: 0.7727
  Delta:      +0.0727 vs baseline

  Saved to: /home/vincent/researchRalph/results/exp034_binary_threshold_01.json
RESULT: exp034_binary_threshold_01 = 0.7727 AUROC

========================================
RUNNING: exp035_softmax_pool at Tue Jan 20 06:36:47 AM UTC 2026
Probe: probes/exp035_softmax_pool.py
============================================================
EXPERIMENT: exp035_softmax_pool
============================================================

[1] Loading data...
    Using cached labels (matching cached features)
    Train: 1500 (500 AF)
    Test:  106 (51 AF)

[2] Loading features...
    Loading cached train features...
    Loading cached test features...

[3] Preparing data...
    Train: 1200, Val: 300, Test: 106

[4] Training probe...
    Early stopping at epoch 107

[5] Evaluating...

============================================================
RESULTS
============================================================
  Val AUROC:  0.6834
  Test AUROC: 0.4804
  Delta:      -0.2196 vs baseline

  Saved to: /home/vincent/researchRalph/results/exp035_softmax_pool.json
RESULT: exp035_softmax_pool = 0.4804 AUROC

========================================
RUNNING: exp036_first_last_pool at Tue Jan 20 06:36:49 AM UTC 2026
Probe: probes/exp036_first_last_pool.py
============================================================
EXPERIMENT: exp036_first_last_pool
============================================================

[1] Loading data...
    Using cached labels (matching cached features)
    Train: 1500 (500 AF)
    Test:  106 (51 AF)

[2] Loading features...
    Loading cached train features...
    Loading cached test features...

[3] Preparing data...
    Train: 1200, Val: 300, Test: 106

[4] Training probe...
    Early stopping at epoch 147

[5] Evaluating...

============================================================
RESULTS
============================================================
  Val AUROC:  0.6129
  Test AUROC: 0.5219
  Delta:      -0.1781 vs baseline

  Saved to: /home/vincent/researchRalph/results/exp036_first_last_pool.json
RESULT: exp036_first_last_pool = 0.5219 AUROC

========================================
RUNNING: exp037_median_pool at Tue Jan 20 06:36:51 AM UTC 2026
Probe: probes/exp037_median_pool.py
============================================================
EXPERIMENT: exp037_median_pool
============================================================

[1] Loading data...
    Using cached labels (matching cached features)
    Train: 1500 (500 AF)
    Test:  106 (51 AF)

[2] Loading features...
    Loading cached train features...
    Loading cached test features...

[3] Preparing data...
    Train: 1200, Val: 300, Test: 106

[4] Training probe...

[5] Evaluating...

============================================================
RESULTS
============================================================
  Val AUROC:  0.8641
  Test AUROC: 0.6973
  Delta:      -0.0027 vs baseline

  Saved to: /home/vincent/researchRalph/results/exp037_median_pool.json
RESULT: exp037_median_pool = 0.6973 AUROC

========================================
RUNNING: exp038_binary_log_median at Tue Jan 20 06:36:54 AM UTC 2026
Probe: probes/exp038_binary_log_median.py
============================================================
EXPERIMENT: exp038_binary_log_median
============================================================

[1] Loading data...
    Using cached labels (matching cached features)
    Train: 1500 (500 AF)
    Test:  106 (51 AF)

[2] Loading features...
    Loading cached train features...
    Loading cached test features...

[3] Preparing data...
    Train: 1200, Val: 300, Test: 106

[4] Training probe...

[5] Evaluating...

============================================================
RESULTS
============================================================
  Val AUROC:  0.8879
  Test AUROC: 0.7865
  Delta:      +0.0865 vs baseline

  Saved to: /home/vincent/researchRalph/results/exp038_binary_log_median.json
RESULT: exp038_binary_log_median = 0.7865 AUROC

========================================
RUNNING: exp039_minmax_scale at Tue Jan 20 06:36:56 AM UTC 2026
Probe: probes/exp039_minmax_scale.py
============================================================
EXPERIMENT: exp039_minmax_scale
============================================================

[1] Loading data...
    Using cached labels (matching cached features)
    Train: 1500 (500 AF)
    Test:  106 (51 AF)

[2] Loading features...
    Loading cached train features...
    Loading cached test features...

[3] Preparing data...
    Train: 1200, Val: 300, Test: 106

[4] Training probe...

[5] Evaluating...

============================================================
RESULTS
============================================================
  Val AUROC:  0.8541
  Test AUROC: 0.5619
  Delta:      -0.1381 vs baseline

  Saved to: /home/vincent/researchRalph/results/exp039_minmax_scale.json
RESULT: exp039_minmax_scale = 0.5619 AUROC

========================================
RUNNING: exp040_zscore at Tue Jan 20 06:36:59 AM UTC 2026
Probe: probes/exp040_zscore.py
============================================================
EXPERIMENT: exp040_zscore
============================================================

[1] Loading data...
    Using cached labels (matching cached features)
    Train: 1500 (500 AF)
    Test:  106 (51 AF)

[2] Loading features...
    Loading cached train features...
    Loading cached test features...

[3] Preparing data...
    Train: 1200, Val: 300, Test: 106

[4] Training probe...

[5] Evaluating...

============================================================
RESULTS
============================================================
  Val AUROC:  0.8809
  Test AUROC: 0.7447
  Delta:      +0.0447 vs baseline

  Saved to: /home/vincent/researchRalph/results/exp040_zscore.json
RESULT: exp040_zscore = 0.7447 AUROC

========================================
RUNNING: exp041_binary_log_l2reg at Tue Jan 20 06:37:01 AM UTC 2026
Probe: probes/exp041_binary_log_l2reg.py
============================================================
EXPERIMENT: exp041_binary_log_l2reg
============================================================

[1] Loading data...
    Using cached labels (matching cached features)
    Train: 1500 (500 AF)
    Test:  106 (51 AF)

[2] Loading features...
    Loading cached train features...
    Loading cached test features...

[3] Preparing data...
    Train: 1200, Val: 300, Test: 106

[4] Training probe...

[5] Evaluating...

============================================================
RESULTS
============================================================
  Val AUROC:  0.8885
  Test AUROC: 0.7889
  Delta:      +0.0889 vs baseline

  Saved to: /home/vincent/researchRalph/results/exp041_binary_log_l2reg.json
RESULT: exp041_binary_log_l2reg = 0.7889 AUROC

========================================
RUNNING: exp042_tanh at Tue Jan 20 06:37:04 AM UTC 2026
Probe: probes/exp042_tanh.py
============================================================
EXPERIMENT: exp042_tanh
============================================================

[1] Loading data...
    Using cached labels (matching cached features)
    Train: 1500 (500 AF)
    Test:  106 (51 AF)

[2] Loading features...
    Loading cached train features...
    Loading cached test features...

[3] Preparing data...
    Train: 1200, Val: 300, Test: 106

[4] Training probe...

[5] Evaluating...

============================================================
RESULTS
============================================================
  Val AUROC:  0.8782
  Test AUROC: 0.7936
  Delta:      +0.0936 vs baseline

  Saved to: /home/vincent/researchRalph/results/exp042_tanh.json
RESULT: exp042_tanh = 0.7936 AUROC

========================================
RUNNING: exp043_layernorm at Tue Jan 20 06:37:06 AM UTC 2026
Probe: probes/exp043_layernorm.py
============================================================
EXPERIMENT: exp043_layernorm
============================================================

[1] Loading data...
    Using cached labels (matching cached features)
    Train: 1500 (500 AF)
    Test:  106 (51 AF)

[2] Loading features...
    Loading cached train features...
    Loading cached test features...

[3] Preparing data...
    Train: 1200, Val: 300, Test: 106

[4] Training probe...

[5] Evaluating...

============================================================
RESULTS
============================================================
  Val AUROC:  0.8871
  Test AUROC: 0.7825
  Delta:      +0.0825 vs baseline

  Saved to: /home/vincent/researchRalph/results/exp043_layernorm.json
RESULT: exp043_layernorm = 0.7825 AUROC

========================================
RUNNING: exp044_batchnorm at Tue Jan 20 06:37:08 AM UTC 2026
Probe: probes/exp044_batchnorm.py
============================================================
EXPERIMENT: exp044_batchnorm
============================================================

[1] Loading data...
    Using cached labels (matching cached features)
    Train: 1500 (500 AF)
    Test:  106 (51 AF)

[2] Loading features...
    Loading cached train features...
    Loading cached test features...

[3] Preparing data...
    Train: 1200, Val: 300, Test: 106

[4] Training probe...
    Early stopping at epoch 132

[5] Evaluating...

============================================================
RESULTS
============================================================
  Val AUROC:  0.8863
  Test AUROC: 0.8128
  Delta:      +0.1128 vs baseline

  Saved to: /home/vincent/researchRalph/results/exp044_batchnorm.json
RESULT: exp044_batchnorm = 0.8128 AUROC

========================================
RUNNING: exp045_skip_f3 at Tue Jan 20 06:37:11 AM UTC 2026
Probe: probes/exp045_skip_f3.py
============================================================
EXPERIMENT: exp045_skip_f3
============================================================

[1] Loading data...
    Using cached labels (matching cached features)
    Train: 1500 (500 AF)
    Test:  106 (51 AF)

[2] Loading features...
    Loading cached train features...
    Loading cached test features...

[3] Preparing data...
    Train: 1200, Val: 300, Test: 106

[4] Training probe...

[5] Evaluating...

============================================================
RESULTS
============================================================
  Val AUROC:  0.8858
  Test AUROC: 0.7818
  Delta:      +0.0818 vs baseline

  Saved to: /home/vincent/researchRalph/results/exp045_skip_f3.json
RESULT: exp045_skip_f3 = 0.7818 AUROC

========================================
RUNNING: exp046_skip_f4 at Tue Jan 20 06:37:13 AM UTC 2026
Probe: probes/exp046_skip_f4.py
============================================================
EXPERIMENT: exp046_skip_f4
============================================================

[1] Loading data...
    Using cached labels (matching cached features)
    Train: 1500 (500 AF)
    Test:  106 (51 AF)

[2] Loading features...
    Loading cached train features...
    Loading cached test features...

[3] Preparing data...
    Train: 1200, Val: 300, Test: 106

[4] Training probe...

[5] Evaluating...

============================================================
RESULTS
============================================================
  Val AUROC:  0.8843
  Test AUROC: 0.7850
  Delta:      +0.0850 vs baseline

  Saved to: /home/vincent/researchRalph/results/exp046_skip_f4.json
RESULT: exp046_skip_f4 = 0.785 AUROC

========================================
RUNNING: exp047_skip_f5 at Tue Jan 20 06:37:15 AM UTC 2026
Probe: probes/exp047_skip_f5.py
============================================================
EXPERIMENT: exp047_skip_f5
============================================================

[1] Loading data...
    Using cached labels (matching cached features)
    Train: 1500 (500 AF)
    Test:  106 (51 AF)

[2] Loading features...
    Loading cached train features...
    Loading cached test features...

[3] Preparing data...
    Train: 1200, Val: 300, Test: 106

[4] Training probe...

[5] Evaluating...

============================================================
RESULTS
============================================================
  Val AUROC:  0.8905
  Test AUROC: 0.7822
  Delta:      +0.0822 vs baseline

  Saved to: /home/vincent/researchRalph/results/exp047_skip_f5.json
RESULT: exp047_skip_f5 = 0.7822 AUROC

========================================
RUNNING: exp048_skip_f6 at Tue Jan 20 06:37:18 AM UTC 2026
Probe: probes/exp048_skip_f6.py
============================================================
EXPERIMENT: exp048_skip_f6
============================================================

[1] Loading data...
    Using cached labels (matching cached features)
    Train: 1500 (500 AF)
    Test:  106 (51 AF)

[2] Loading features...
    Loading cached train features...
    Loading cached test features...

[3] Preparing data...
    Train: 1200, Val: 300, Test: 106

[4] Training probe...

[5] Evaluating...

============================================================
RESULTS
============================================================
  Val AUROC:  0.8768
  Test AUROC: 0.7594
  Delta:      +0.0594 vs baseline

  Saved to: /home/vincent/researchRalph/results/exp048_skip_f6.json
RESULT: exp048_skip_f6 = 0.7594 AUROC

========================================
RUNNING: exp049_skip_f7 at Tue Jan 20 06:37:20 AM UTC 2026
Probe: probes/exp049_skip_f7.py
============================================================
EXPERIMENT: exp049_skip_f7
============================================================

[1] Loading data...
    Using cached labels (matching cached features)
    Train: 1500 (500 AF)
    Test:  106 (51 AF)

[2] Loading features...
    Loading cached train features...
    Loading cached test features...

[3] Preparing data...
    Train: 1200, Val: 300, Test: 106

[4] Training probe...

[5] Evaluating...

============================================================
RESULTS
============================================================
  Val AUROC:  0.8867
  Test AUROC: 0.7879
  Delta:      +0.0879 vs baseline

  Saved to: /home/vincent/researchRalph/results/exp049_skip_f7.json
RESULT: exp049_skip_f7 = 0.7879 AUROC

========================================
RUNNING: exp050_skip_f1 at Tue Jan 20 06:37:23 AM UTC 2026
Probe: probes/exp050_skip_f1.py
============================================================
EXPERIMENT: exp050_skip_f1
============================================================

[1] Loading data...
    Using cached labels (matching cached features)
    Train: 1500 (500 AF)
    Test:  106 (51 AF)

[2] Loading features...
    Loading cached train features...
    Loading cached test features...

[3] Preparing data...
    Train: 1200, Val: 300, Test: 106

[4] Training probe...

[5] Evaluating...

============================================================
RESULTS
============================================================
  Val AUROC:  0.8789
  Test AUROC: 0.7914
  Delta:      +0.0914 vs baseline

  Saved to: /home/vincent/researchRalph/results/exp050_skip_f1.json
RESULT: exp050_skip_f1 = 0.7914 AUROC

========================================
RUNNING: exp051_skip_f2 at Tue Jan 20 06:37:25 AM UTC 2026
Probe: probes/exp051_skip_f2.py
============================================================
EXPERIMENT: exp051_skip_f2
============================================================

[1] Loading data...
    Using cached labels (matching cached features)
    Train: 1500 (500 AF)
    Test:  106 (51 AF)

[2] Loading features...
    Loading cached train features...
    Loading cached test features...

[3] Preparing data...
    Train: 1200, Val: 300, Test: 106

[4] Training probe...

[5] Evaluating...

============================================================
RESULTS
============================================================
  Val AUROC:  0.8820
  Test AUROC: 0.7512
  Delta:      +0.0512 vs baseline

  Saved to: /home/vincent/researchRalph/results/exp051_skip_f2.json
RESULT: exp051_skip_f2 = 0.7512 AUROC

========================================
RUNNING: exp052_power2 at Tue Jan 20 06:37:27 AM UTC 2026
Probe: probes/exp052_power2.py
============================================================
EXPERIMENT: exp052_power2
============================================================

[1] Loading data...
    Using cached labels (matching cached features)
    Train: 1500 (500 AF)
    Test:  106 (51 AF)

[2] Loading features...
    Loading cached train features...
    Loading cached test features...

[3] Preparing data...
    Train: 1200, Val: 300, Test: 106

[4] Training probe...

[5] Evaluating...

============================================================
RESULTS
============================================================
  Val AUROC:  0.8817
  Test AUROC: 0.7369
  Delta:      +0.0369 vs baseline

  Saved to: /home/vincent/researchRalph/results/exp052_power2.json
RESULT: exp052_power2 = 0.7369 AUROC

========================================
RUNNING: exp053_clip at Tue Jan 20 06:37:30 AM UTC 2026
Probe: probes/exp053_clip.py
============================================================
EXPERIMENT: exp053_clip
============================================================

[1] Loading data...
    Using cached labels (matching cached features)
    Train: 1500 (500 AF)
    Test:  106 (51 AF)

[2] Loading features...
    Loading cached train features...
    Loading cached test features...

[3] Preparing data...
    Train: 1200, Val: 300, Test: 106

[4] Training probe...

[5] Evaluating...

============================================================
RESULTS
============================================================
  Val AUROC:  0.8872
  Test AUROC: 0.8021
  Delta:      +0.1021 vs baseline

  Saved to: /home/vincent/researchRalph/results/exp053_clip.json
RESULT: exp053_clip = 0.8021 AUROC

========================================
RUNNING: exp054_clip_log at Tue Jan 20 06:37:32 AM UTC 2026
Probe: probes/exp054_clip_log.py
============================================================
EXPERIMENT: exp054_clip_log
============================================================

[1] Loading data...
    Using cached labels (matching cached features)
    Train: 1500 (500 AF)
    Test:  106 (51 AF)

[2] Loading features...
    Loading cached train features...
    Loading cached test features...

[3] Preparing data...
    Train: 1200, Val: 300, Test: 106

[4] Training probe...

[5] Evaluating...

============================================================
RESULTS
============================================================
  Val AUROC:  0.8864
  Test AUROC: 0.7947
  Delta:      +0.0947 vs baseline

  Saved to: /home/vincent/researchRalph/results/exp054_clip_log.json
RESULT: exp054_clip_log = 0.7947 AUROC

========================================
RUNNING: exp055_var_instead_std at Tue Jan 20 06:37:35 AM UTC 2026
Probe: probes/exp055_var_instead_std.py
============================================================
EXPERIMENT: exp055_var_instead_std
============================================================

[1] Loading data...
    Using cached labels (matching cached features)
    Train: 1500 (500 AF)
    Test:  106 (51 AF)

[2] Loading features...
    Loading cached train features...
    Loading cached test features...

[3] Preparing data...
    Train: 1200, Val: 300, Test: 106

[4] Training probe...

[5] Evaluating...

============================================================
RESULTS
============================================================
  Val AUROC:  0.8591
  Test AUROC: 0.6045
  Delta:      -0.0955 vs baseline

  Saved to: /home/vincent/researchRalph/results/exp055_var_instead_std.json
RESULT: exp055_var_instead_std = 0.6045 AUROC

========================================
RUNNING: exp056_log_var at Tue Jan 20 06:37:37 AM UTC 2026
Probe: probes/exp056_log_var.py
============================================================
EXPERIMENT: exp056_log_var
============================================================

[1] Loading data...
    Using cached labels (matching cached features)
    Train: 1500 (500 AF)
    Test:  106 (51 AF)

[2] Loading features...
    Loading cached train features...
    Loading cached test features...

[3] Preparing data...
    Train: 1200, Val: 300, Test: 106

[4] Training probe...
    Early stopping at epoch 171

[5] Evaluating...

============================================================
RESULTS
============================================================
  Val AUROC:  0.8863
  Test AUROC: 0.7512
  Delta:      +0.0512 vs baseline

  Saved to: /home/vincent/researchRalph/results/exp056_log_var.json
RESULT: exp056_log_var = 0.7512 AUROC

========================================
RUNNING: exp057_skewness at Tue Jan 20 06:37:40 AM UTC 2026
Probe: probes/exp057_skewness.py
============================================================
EXPERIMENT: exp057_skewness
============================================================

[1] Loading data...
    Using cached labels (matching cached features)
    Train: 1500 (500 AF)
    Test:  106 (51 AF)

[2] Loading features...
    Loading cached train features...
    Loading cached test features...

[3] Preparing data...
    Train: 1200, Val: 300, Test: 106

[4] Training probe...

[5] Evaluating...

============================================================
RESULTS
============================================================
  Val AUROC:  0.8769
  Test AUROC: 0.6863
  Delta:      -0.0137 vs baseline

  Saved to: /home/vincent/researchRalph/results/exp057_skewness.json
RESULT: exp057_skewness = 0.6863 AUROC

========================================
RUNNING: exp058_range at Tue Jan 20 06:37:42 AM UTC 2026
Probe: probes/exp058_range.py
============================================================
EXPERIMENT: exp058_range
============================================================

[1] Loading data...
    Using cached labels (matching cached features)
    Train: 1500 (500 AF)
    Test:  106 (51 AF)

[2] Loading features...
    Loading cached train features...
    Loading cached test features...

[3] Preparing data...
    Train: 1200, Val: 300, Test: 106

[4] Training probe...

[5] Evaluating...

============================================================
RESULTS
============================================================
  Val AUROC:  0.8681
  Test AUROC: 0.6923
  Delta:      -0.0077 vs baseline

  Saved to: /home/vincent/researchRalph/results/exp058_range.json
RESULT: exp058_range = 0.6923 AUROC

========================================
RUNNING: exp059_iqr at Tue Jan 20 06:37:44 AM UTC 2026
Probe: probes/exp059_iqr.py
============================================================
EXPERIMENT: exp059_iqr
============================================================

[1] Loading data...
    Using cached labels (matching cached features)
    Train: 1500 (500 AF)
    Test:  106 (51 AF)

[2] Loading features...
    Loading cached train features...
    Loading cached test features...

[3] Preparing data...
    Train: 1200, Val: 300, Test: 106

[4] Training probe...

[5] Evaluating...

============================================================
RESULTS
============================================================
  Val AUROC:  0.8645
  Test AUROC: 0.6463
  Delta:      -0.0537 vs baseline

  Saved to: /home/vincent/researchRalph/results/exp059_iqr.json
RESULT: exp059_iqr = 0.6463 AUROC

========================================
RUNNING: exp060_entropy at Tue Jan 20 06:37:47 AM UTC 2026
Probe: probes/exp060_entropy.py
============================================================
EXPERIMENT: exp060_entropy
============================================================

[1] Loading data...
    Using cached labels (matching cached features)
    Train: 1500 (500 AF)
    Test:  106 (51 AF)

[2] Loading features...
    Loading cached train features...
    Loading cached test features...

[3] Preparing data...
    Train: 1200, Val: 300, Test: 106

[4] Training probe...

[5] Evaluating...

============================================================
RESULTS
============================================================
  Val AUROC:  0.8682
  Test AUROC: 0.6267
  Delta:      -0.0733 vs baseline

  Saved to: /home/vincent/researchRalph/results/exp060_entropy.json
RESULT: exp060_entropy = 0.6267 AUROC

========================================
RUNNING: exp061_only_max at Tue Jan 20 06:37:50 AM UTC 2026
Probe: probes/exp061_only_max.py
============================================================
EXPERIMENT: exp061_only_max
============================================================

[1] Loading data...
    Using cached labels (matching cached features)
    Train: 1500 (500 AF)
    Test:  106 (51 AF)

[2] Loading features...
    Loading cached train features...
    Loading cached test features...

[3] Preparing data...
    Train: 1200, Val: 300, Test: 106

[4] Training probe...
    Early stopping at epoch 153

[5] Evaluating...

============================================================
RESULTS
============================================================
  Val AUROC:  0.8178
  Test AUROC: 0.6440
  Delta:      -0.0560 vs baseline

  Saved to: /home/vincent/researchRalph/results/exp061_only_max.json
RESULT: exp061_only_max = 0.644 AUROC

========================================
RUNNING: exp062_only_count at Tue Jan 20 06:37:52 AM UTC 2026
Probe: probes/exp062_only_count.py
============================================================
EXPERIMENT: exp062_only_count
============================================================

[1] Loading data...
    Using cached labels (matching cached features)
    Train: 1500 (500 AF)
    Test:  106 (51 AF)

[2] Loading features...
    Loading cached train features...
    Loading cached test features...

[3] Preparing data...
    Train: 1200, Val: 300, Test: 106

[4] Training probe...
    Early stopping at epoch 100

[5] Evaluating...

============================================================
RESULTS
============================================================
  Val AUROC:  0.8627
  Test AUROC: 0.7463
  Delta:      +0.0463 vs baseline

  Saved to: /home/vincent/researchRalph/results/exp062_only_count.json
RESULT: exp062_only_count = 0.7463 AUROC

========================================
RUNNING: exp063_only_mean at Tue Jan 20 06:37:54 AM UTC 2026
Probe: probes/exp063_only_mean.py
============================================================
EXPERIMENT: exp063_only_mean
============================================================

[1] Loading data...
    Using cached labels (matching cached features)
    Train: 1500 (500 AF)
    Test:  106 (51 AF)

[2] Loading features...
    Loading cached train features...
    Loading cached test features...

[3] Preparing data...
    Train: 1200, Val: 300, Test: 106

[4] Training probe...
    Early stopping at epoch 100

[5] Evaluating...

============================================================
RESULTS
============================================================
  Val AUROC:  0.8447
  Test AUROC: 0.6602
  Delta:      -0.0398 vs baseline

  Saved to: /home/vincent/researchRalph/results/exp063_only_mean.json
RESULT: exp063_only_mean = 0.6602 AUROC

========================================
RUNNING: exp064_log_count at Tue Jan 20 06:37:56 AM UTC 2026
Probe: probes/exp064_log_count.py
============================================================
EXPERIMENT: exp064_log_count
============================================================

[1] Loading data...
    Using cached labels (matching cached features)
    Train: 1500 (500 AF)
    Test:  106 (51 AF)

[2] Loading features...
    Loading cached train features...
    Loading cached test features...

[3] Preparing data...
    Train: 1200, Val: 300, Test: 106

[4] Training probe...

[5] Evaluating...

============================================================
RESULTS
============================================================
  Val AUROC:  0.8622
  Test AUROC: 0.6838
  Delta:      -0.0162 vs baseline

  Saved to: /home/vincent/researchRalph/results/exp064_log_count.json
RESULT: exp064_log_count = 0.6838 AUROC

========================================
RUNNING: exp065_binary_log_std at Tue Jan 20 06:37:59 AM UTC 2026
Probe: probes/exp065_binary_log_std.py
============================================================
EXPERIMENT: exp065_binary_log_std
============================================================

[1] Loading data...
    Using cached labels (matching cached features)
    Train: 1500 (500 AF)
    Test:  106 (51 AF)

[2] Loading features...
    Loading cached train features...
    Loading cached test features...

[3] Preparing data...
    Train: 1200, Val: 300, Test: 106

[4] Training probe...

[5] Evaluating...

============================================================
RESULTS
============================================================
  Val AUROC:  0.8838
  Test AUROC: 0.7715
  Delta:      +0.0715 vs baseline

  Saved to: /home/vincent/researchRalph/results/exp065_binary_log_std.json
RESULT: exp065_binary_log_std = 0.7715 AUROC

========================================
RUNNING: exp066_f0_only at Tue Jan 20 06:38:01 AM UTC 2026
Probe: probes/exp066_f0_only.py
============================================================
EXPERIMENT: exp066_f0_only
============================================================

[1] Loading data...
    Using cached labels (matching cached features)
    Train: 1500 (500 AF)
    Test:  106 (51 AF)

[2] Loading features...
    Loading cached train features...
    Loading cached test features...

[3] Preparing data...
    Train: 1200, Val: 300, Test: 106

[4] Training probe...
    Early stopping at epoch 107

[5] Evaluating...

============================================================
RESULTS
============================================================
  Val AUROC:  0.8493
  Test AUROC: 0.7132
  Delta:      +0.0132 vs baseline

  Saved to: /home/vincent/researchRalph/results/exp066_f0_only.json
RESULT: exp066_f0_only = 0.7132 AUROC

========================================
RUNNING: exp067_f1_only at Tue Jan 20 06:38:03 AM UTC 2026
Probe: probes/exp067_f1_only.py
============================================================
EXPERIMENT: exp067_f1_only
============================================================

[1] Loading data...
    Using cached labels (matching cached features)
    Train: 1500 (500 AF)
    Test:  106 (51 AF)

[2] Loading features...
    Loading cached train features...
    Loading cached test features...

[3] Preparing data...
    Train: 1200, Val: 300, Test: 106

[4] Training probe...
    Early stopping at epoch 104

[5] Evaluating...

============================================================
RESULTS
============================================================
  Val AUROC:  0.8645
  Test AUROC: 0.7119
  Delta:      +0.0119 vs baseline

  Saved to: /home/vincent/researchRalph/results/exp067_f1_only.json
RESULT: exp067_f1_only = 0.7119 AUROC

========================================
RUNNING: exp068_f2_only at Tue Jan 20 06:38:06 AM UTC 2026
Probe: probes/exp068_f2_only.py
============================================================
EXPERIMENT: exp068_f2_only
============================================================

[1] Loading data...
    Using cached labels (matching cached features)
    Train: 1500 (500 AF)
    Test:  106 (51 AF)

[2] Loading features...
    Loading cached train features...
    Loading cached test features...

[3] Preparing data...
    Train: 1200, Val: 300, Test: 106

[4] Training probe...
    Early stopping at epoch 101

[5] Evaluating...

============================================================
RESULTS
============================================================
  Val AUROC:  0.8824
  Test AUROC: 0.7939
  Delta:      +0.0939 vs baseline

  Saved to: /home/vincent/researchRalph/results/exp068_f2_only.json
RESULT: exp068_f2_only = 0.7939 AUROC

========================================
RUNNING: exp069_f01_pair at Tue Jan 20 06:38:08 AM UTC 2026
Probe: probes/exp069_f01_pair.py
============================================================
EXPERIMENT: exp069_f01_pair
============================================================

[1] Loading data...
    Using cached labels (matching cached features)
    Train: 1500 (500 AF)
    Test:  106 (51 AF)

[2] Loading features...
    Loading cached train features...
    Loading cached test features...

[3] Preparing data...
    Train: 1200, Val: 300, Test: 106

[4] Training probe...
    Early stopping at epoch 100

[5] Evaluating...

============================================================
RESULTS
============================================================
  Val AUROC:  0.8543
  Test AUROC: 0.7335
  Delta:      +0.0335 vs baseline

  Saved to: /home/vincent/researchRalph/results/exp069_f01_pair.json
RESULT: exp069_f01_pair = 0.7335 AUROC

========================================
RUNNING: exp070_f02_pair at Tue Jan 20 06:38:10 AM UTC 2026
Probe: probes/exp070_f02_pair.py
============================================================
EXPERIMENT: exp070_f02_pair
============================================================

[1] Loading data...
    Using cached labels (matching cached features)
    Train: 1500 (500 AF)
    Test:  106 (51 AF)

[2] Loading features...
    Loading cached train features...
    Loading cached test features...

[3] Preparing data...
    Train: 1200, Val: 300, Test: 106

[4] Training probe...
    Early stopping at epoch 100

[5] Evaluating...

============================================================
RESULTS
============================================================
  Val AUROC:  0.8540
  Test AUROC: 0.7371
  Delta:      +0.0371 vs baseline

  Saved to: /home/vincent/researchRalph/results/exp070_f02_pair.json
RESULT: exp070_f02_pair = 0.7371 AUROC

========================================
RUNNING: exp071_f12_pair at Tue Jan 20 06:38:12 AM UTC 2026
Probe: probes/exp071_f12_pair.py
============================================================
EXPERIMENT: exp071_f12_pair
============================================================

[1] Loading data...
    Using cached labels (matching cached features)
    Train: 1500 (500 AF)
    Test:  106 (51 AF)

[2] Loading features...
    Loading cached train features...
    Loading cached test features...

[3] Preparing data...
    Train: 1200, Val: 300, Test: 106

[4] Training probe...
    Early stopping at epoch 100

[5] Evaluating...

============================================================
RESULTS
============================================================
  Val AUROC:  0.8683
  Test AUROC: 0.7298
  Delta:      +0.0298 vs baseline

  Saved to: /home/vincent/researchRalph/results/exp071_f12_pair.json
RESULT: exp071_f12_pair = 0.7298 AUROC

========================================
RUNNING: exp072_interaction at Tue Jan 20 06:38:15 AM UTC 2026
Probe: probes/exp072_interaction.py
============================================================
EXPERIMENT: exp072_interaction
============================================================

[1] Loading data...
    Using cached labels (matching cached features)
    Train: 1500 (500 AF)
    Test:  106 (51 AF)

[2] Loading features...
    Loading cached train features...
    Loading cached test features...

[3] Preparing data...
    Train: 1200, Val: 300, Test: 106

[4] Training probe...

[5] Evaluating...

============================================================
RESULTS
============================================================
  Val AUROC:  0.7776
  Test AUROC: 0.6168
  Delta:      -0.0832 vs baseline

  Saved to: /home/vincent/researchRalph/results/exp072_interaction.json
RESULT: exp072_interaction = 0.6168 AUROC

========================================
RUNNING: exp073_product at Tue Jan 20 06:38:17 AM UTC 2026
Probe: probes/exp073_product.py
============================================================
EXPERIMENT: exp073_product
============================================================

[1] Loading data...
    Using cached labels (matching cached features)
    Train: 1500 (500 AF)
    Test:  106 (51 AF)

[2] Loading features...
    Loading cached train features...
    Loading cached test features...

[3] Preparing data...
    Train: 1200, Val: 300, Test: 106

[4] Training probe...
    Early stopping at epoch 119

[5] Evaluating...

============================================================
RESULTS
============================================================
  Val AUROC:  0.6863
  Test AUROC: 0.4986
  Delta:      -0.2014 vs baseline

  Saved to: /home/vincent/researchRalph/results/exp073_product.json
RESULT: exp073_product = 0.4986 AUROC

========================================
RUNNING: exp074_ratio at Tue Jan 20 06:38:19 AM UTC 2026
Probe: probes/exp074_ratio.py
============================================================
EXPERIMENT: exp074_ratio
============================================================

[1] Loading data...
    Using cached labels (matching cached features)
    Train: 1500 (500 AF)
    Test:  106 (51 AF)

[2] Loading features...
    Loading cached train features...
    Loading cached test features...

[3] Preparing data...
    Train: 1200, Val: 300, Test: 106

[4] Training probe...
    Early stopping at epoch 160

[5] Evaluating...

============================================================
RESULTS
============================================================
  Val AUROC:  0.7554
  Test AUROC: 0.4930
  Delta:      -0.2070 vs baseline

  Saved to: /home/vincent/researchRalph/results/exp074_ratio.json
RESULT: exp074_ratio = 0.493 AUROC

========================================
RUNNING: exp075_weighted at Tue Jan 20 06:38:22 AM UTC 2026
Probe: probes/exp075_weighted.py
============================================================
EXPERIMENT: exp075_weighted
============================================================

[1] Loading data...
    Using cached labels (matching cached features)
    Train: 1500 (500 AF)
    Test:  106 (51 AF)

[2] Loading features...
    Loading cached train features...
    Loading cached test features...

[3] Preparing data...
    Train: 1200, Val: 300, Test: 106

[4] Training probe...

[5] Evaluating...

============================================================
RESULTS
============================================================
  Val AUROC:  0.8876
  Test AUROC: 0.7815
  Delta:      +0.0815 vs baseline

  Saved to: /home/vincent/researchRalph/results/exp075_weighted.json
RESULT: exp075_weighted = 0.7815 AUROC

========================================
RUNNING: exp076_sum_all at Tue Jan 20 06:38:24 AM UTC 2026
Probe: probes/exp076_sum_all.py
============================================================
EXPERIMENT: exp076_sum_all
============================================================

[1] Loading data...
    Using cached labels (matching cached features)
    Train: 1500 (500 AF)
    Test:  106 (51 AF)

[2] Loading features...
    Loading cached train features...
    Loading cached test features...

[3] Preparing data...
    Train: 1200, Val: 300, Test: 106

[4] Training probe...
    Early stopping at epoch 176

[5] Evaluating...

============================================================
RESULTS
============================================================
  Val AUROC:  0.6096
  Test AUROC: 0.4706
  Delta:      -0.2294 vs baseline

  Saved to: /home/vincent/researchRalph/results/exp076_sum_all.json
RESULT: exp076_sum_all = 0.4706 AUROC

========================================
RUNNING: exp077_max_all at Tue Jan 20 06:38:27 AM UTC 2026
Probe: probes/exp077_max_all.py
============================================================
EXPERIMENT: exp077_max_all
============================================================

[1] Loading data...
    Using cached labels (matching cached features)
    Train: 1500 (500 AF)
    Test:  106 (51 AF)

[2] Loading features...
    Loading cached train features...
    Loading cached test features...

[3] Preparing data...
    Train: 1200, Val: 300, Test: 106

[4] Training probe...

[5] Evaluating...

============================================================
RESULTS
============================================================
  Val AUROC:  0.6455
  Test AUROC: 0.6749
  Delta:      -0.0251 vs baseline

  Saved to: /home/vincent/researchRalph/results/exp077_max_all.json
RESULT: exp077_max_all = 0.6749 AUROC

========================================
RUNNING: exp078_coactivation at Tue Jan 20 06:38:29 AM UTC 2026
Probe: probes/exp078_coactivation.py
============================================================
EXPERIMENT: exp078_coactivation
============================================================

[1] Loading data...
    Using cached labels (matching cached features)
    Train: 1500 (500 AF)
    Test:  106 (51 AF)

[2] Loading features...
    Loading cached train features...
    Loading cached test features...

[3] Preparing data...
    Train: 1200, Val: 300, Test: 106

[4] Training probe...

[5] Evaluating...

============================================================
RESULTS
============================================================
  Val AUROC:  0.8729
  Test AUROC: 0.7995
  Delta:      +0.0995 vs baseline

  Saved to: /home/vincent/researchRalph/results/exp078_coactivation.json
RESULT: exp078_coactivation = 0.7995 AUROC

========================================
RUNNING: exp079_first_active at Tue Jan 20 06:38:31 AM UTC 2026
Probe: probes/exp079_first_active.py
============================================================
EXPERIMENT: exp079_first_active
============================================================

[1] Loading data...
    Using cached labels (matching cached features)
    Train: 1500 (500 AF)
    Test:  106 (51 AF)

[2] Loading features...
    Loading cached train features...
    Loading cached test features...

[3] Preparing data...
    Train: 1200, Val: 300, Test: 106

[4] Training probe...
    Early stopping at epoch 153

[5] Evaluating...

============================================================
RESULTS
============================================================
  Val AUROC:  0.8164
  Test AUROC: 0.6430
  Delta:      -0.0570 vs baseline

  Saved to: /home/vincent/researchRalph/results/exp079_first_active.json
RESULT: exp079_first_active = 0.643 AUROC

========================================
RUNNING: exp080_last_active at Tue Jan 20 06:38:33 AM UTC 2026
Probe: probes/exp080_last_active.py
============================================================
EXPERIMENT: exp080_last_active
============================================================

[1] Loading data...
    Using cached labels (matching cached features)
    Train: 1500 (500 AF)
    Test:  106 (51 AF)

[2] Loading features...
    Loading cached train features...
    Loading cached test features...

[3] Preparing data...
    Train: 1200, Val: 300, Test: 106

[4] Training probe...
    Early stopping at epoch 153

[5] Evaluating...

============================================================
RESULTS
============================================================
  Val AUROC:  0.8168
  Test AUROC: 0.6430
  Delta:      -0.0570 vs baseline

  Saved to: /home/vincent/researchRalph/results/exp080_last_active.json
RESULT: exp080_last_active = 0.643 AUROC

========================================
RUNNING: exp081_span at Tue Jan 20 06:38:36 AM UTC 2026
Probe: probes/exp081_span.py
============================================================
EXPERIMENT: exp081_span
============================================================

[1] Loading data...
    Using cached labels (matching cached features)
    Train: 1500 (500 AF)
    Test:  106 (51 AF)

[2] Loading features...
    Loading cached train features...
    Loading cached test features...

[3] Preparing data...
    Train: 1200, Val: 300, Test: 106

[4] Training probe...
    Early stopping at epoch 153

[5] Evaluating...

============================================================
RESULTS
============================================================
  Val AUROC:  0.8165
  Test AUROC: 0.6430
  Delta:      -0.0570 vs baseline

  Saved to: /home/vincent/researchRalph/results/exp081_span.json
RESULT: exp081_span = 0.643 AUROC

========================================
RUNNING: exp082_density at Tue Jan 20 06:38:38 AM UTC 2026
Probe: probes/exp082_density.py
============================================================
EXPERIMENT: exp082_density
============================================================

[1] Loading data...
    Using cached labels (matching cached features)
    Train: 1500 (500 AF)
    Test:  106 (51 AF)

[2] Loading features...
    Loading cached train features...
    Loading cached test features...

[3] Preparing data...
    Train: 1200, Val: 300, Test: 106

[4] Training probe...

[5] Evaluating...

============================================================
RESULTS
============================================================
  Val AUROC:  0.8828
  Test AUROC: 0.7447
  Delta:      +0.0447 vs baseline

  Saved to: /home/vincent/researchRalph/results/exp082_density.json
RESULT: exp082_density = 0.7447 AUROC

========================================
RUNNING: exp083_binary_only_sum at Tue Jan 20 06:38:41 AM UTC 2026
Probe: probes/exp083_binary_only_sum.py
============================================================
EXPERIMENT: exp083_binary_only_sum
============================================================

[1] Loading data...
    Using cached labels (matching cached features)
    Train: 1500 (500 AF)
    Test:  106 (51 AF)

[2] Loading features...
    Loading cached train features...
    Loading cached test features...

[3] Preparing data...
    Train: 1200, Val: 300, Test: 106

[4] Training probe...
    Early stopping at epoch 100

[5] Evaluating...

============================================================
RESULTS
============================================================
  Val AUROC:  0.8627
  Test AUROC: 0.7463
  Delta:      +0.0463 vs baseline

  Saved to: /home/vincent/researchRalph/results/exp083_binary_only_sum.json
RESULT: exp083_binary_only_sum = 0.7463 AUROC

========================================
RUNNING: exp084_raw_max at Tue Jan 20 06:38:43 AM UTC 2026
Probe: probes/exp084_raw_max.py
============================================================
EXPERIMENT: exp084_raw_max
============================================================

[1] Loading data...
    Using cached labels (matching cached features)
    Train: 1500 (500 AF)
    Test:  106 (51 AF)

[2] Loading features...
    Loading cached train features...
    Loading cached test features...

[3] Preparing data...
    Train: 1200, Val: 300, Test: 106

[4] Training probe...
    Early stopping at epoch 154

[5] Evaluating...

============================================================
RESULTS
============================================================
  Val AUROC:  0.7758
  Test AUROC: 0.5094
  Delta:      -0.1906 vs baseline

  Saved to: /home/vincent/researchRalph/results/exp084_raw_max.json
RESULT: exp084_raw_max = 0.5094 AUROC

========================================
RUNNING: exp085_log_max at Tue Jan 20 06:38:45 AM UTC 2026
Probe: probes/exp085_log_max.py
============================================================
EXPERIMENT: exp085_log_max
============================================================

[1] Loading data...
    Using cached labels (matching cached features)
    Train: 1500 (500 AF)
    Test:  106 (51 AF)

[2] Loading features...
    Loading cached train features...
    Loading cached test features...

[3] Preparing data...
    Train: 1200, Val: 300, Test: 106

[4] Training probe...

[5] Evaluating...

============================================================
RESULTS
============================================================
  Val AUROC:  0.8520
  Test AUROC: 0.6021
  Delta:      -0.0979 vs baseline

  Saved to: /home/vincent/researchRalph/results/exp085_log_max.json
RESULT: exp085_log_max = 0.6021 AUROC

========================================
RUNNING: exp086_log_sum at Tue Jan 20 06:38:48 AM UTC 2026
Probe: probes/exp086_log_sum.py
============================================================
EXPERIMENT: exp086_log_sum
============================================================

[1] Loading data...
    Using cached labels (matching cached features)
    Train: 1500 (500 AF)
    Test:  106 (51 AF)

[2] Loading features...
    Loading cached train features...
    Loading cached test features...

[3] Preparing data...
    Train: 1200, Val: 300, Test: 106

[4] Training probe...
    Early stopping at epoch 107

[5] Evaluating...

============================================================
RESULTS
============================================================
  Val AUROC:  0.8310
  Test AUROC: 0.6455
  Delta:      -0.0545 vs baseline

  Saved to: /home/vincent/researchRalph/results/exp086_log_sum.json
RESULT: exp086_log_sum = 0.6455 AUROC

========================================
RUNNING: exp087_logsumexp at Tue Jan 20 06:38:50 AM UTC 2026
Probe: probes/exp087_logsumexp.py
============================================================
EXPERIMENT: exp087_logsumexp
============================================================

[1] Loading data...
    Using cached labels (matching cached features)
    Train: 1500 (500 AF)
    Test:  106 (51 AF)

[2] Loading features...
    Loading cached train features...
    Loading cached test features...

[3] Preparing data...
    Train: 1200, Val: 300, Test: 106

[4] Training probe...
    Early stopping at epoch 154

[5] Evaluating...

============================================================
RESULTS
============================================================
  Val AUROC:  0.7757
  Test AUROC: 0.5094
  Delta:      -0.1906 vs baseline

  Saved to: /home/vincent/researchRalph/results/exp087_logsumexp.json
RESULT: exp087_logsumexp = 0.5094 AUROC

========================================
RUNNING: exp088_softmax_weighted_sum at Tue Jan 20 06:38:52 AM UTC 2026
Probe: probes/exp088_softmax_weighted_sum.py
============================================================
EXPERIMENT: exp088_softmax_weighted_sum
============================================================

[1] Loading data...
    Using cached labels (matching cached features)
    Train: 1500 (500 AF)
    Test:  106 (51 AF)

[2] Loading features...
    Loading cached train features...
    Loading cached test features...

[3] Preparing data...
    Train: 1200, Val: 300, Test: 106

[4] Training probe...
    Early stopping at epoch 154

[5] Evaluating...

============================================================
RESULTS
============================================================
  Val AUROC:  0.7757
  Test AUROC: 0.5094
  Delta:      -0.1906 vs baseline

  Saved to: /home/vincent/researchRalph/results/exp088_softmax_weighted_sum.json
RESULT: exp088_softmax_weighted_sum = 0.5094 AUROC

========================================
RUNNING: exp089_gated at Tue Jan 20 06:38:54 AM UTC 2026
Probe: probes/exp089_gated.py
============================================================
EXPERIMENT: exp089_gated
============================================================

[1] Loading data...
    Using cached labels (matching cached features)
    Train: 1500 (500 AF)
    Test:  106 (51 AF)

[2] Loading features...
    Loading cached train features...
    Loading cached test features...

[3] Preparing data...
    Train: 1200, Val: 300, Test: 106

[4] Training probe...
    Early stopping at epoch 117

[5] Evaluating...

============================================================
RESULTS
============================================================
  Val AUROC:  0.8963
  Test AUROC: 0.7619
  Delta:      +0.0619 vs baseline

  Saved to: /home/vincent/researchRalph/results/exp089_gated.json
RESULT: exp089_gated = 0.7619 AUROC

========================================
RUNNING: exp090_residual at Tue Jan 20 06:38:57 AM UTC 2026
Probe: probes/exp090_residual.py
============================================================
EXPERIMENT: exp090_residual
============================================================

[1] Loading data...
    Using cached labels (matching cached features)
    Train: 1500 (500 AF)
    Test:  106 (51 AF)

[2] Loading features...
    Loading cached train features...
    Loading cached test features...

[3] Preparing data...
    Train: 1200, Val: 300, Test: 106

[4] Training probe...
    Early stopping at epoch 152

[5] Evaluating...

============================================================
RESULTS
============================================================
  Val AUROC:  0.8977
  Test AUROC: 0.8196
  Delta:      +0.1196 vs baseline

  Saved to: /home/vincent/researchRalph/results/exp090_residual.json
RESULT: exp090_residual = 0.8196 AUROC

========================================
RUNNING: exp091_deep at Tue Jan 20 06:38:59 AM UTC 2026
Probe: probes/exp091_deep.py
============================================================
EXPERIMENT: exp091_deep
============================================================

[1] Loading data...
    Using cached labels (matching cached features)
    Train: 1500 (500 AF)
    Test:  106 (51 AF)

[2] Loading features...
    Loading cached train features...
    Loading cached test features...

[3] Preparing data...
    Train: 1200, Val: 300, Test: 106

[4] Training probe...
    Early stopping at epoch 191

[5] Evaluating...

============================================================
RESULTS
============================================================
  Val AUROC:  0.8910
  Test AUROC: 0.8109
  Delta:      +0.1109 vs baseline

  Saved to: /home/vincent/researchRalph/results/exp091_deep.json
RESULT: exp091_deep = 0.8109 AUROC

========================================
RUNNING: exp092_wide at Tue Jan 20 06:39:01 AM UTC 2026
Probe: probes/exp092_wide.py
============================================================
EXPERIMENT: exp092_wide
============================================================

[1] Loading data...
    Using cached labels (matching cached features)
    Train: 1500 (500 AF)
    Test:  106 (51 AF)

[2] Loading features...
    Loading cached train features...
    Loading cached test features...

[3] Preparing data...
    Train: 1200, Val: 300, Test: 106

[4] Training probe...

[5] Evaluating...

============================================================
RESULTS
============================================================
  Val AUROC:  0.8966
  Test AUROC: 0.8135
  Delta:      +0.1135 vs baseline

  Saved to: /home/vincent/researchRalph/results/exp092_wide.json
RESULT: exp092_wide = 0.8135 AUROC

========================================
RUNNING: exp093_tiny at Tue Jan 20 06:39:04 AM UTC 2026
Probe: probes/exp093_tiny.py
============================================================
EXPERIMENT: exp093_tiny
============================================================

[1] Loading data...
    Using cached labels (matching cached features)
    Train: 1500 (500 AF)
    Test:  106 (51 AF)

[2] Loading features...
    Loading cached train features...
    Loading cached test features...

[3] Preparing data...
    Train: 1200, Val: 300, Test: 106

[4] Training probe...

[5] Evaluating...

============================================================
RESULTS
============================================================
  Val AUROC:  0.8905
  Test AUROC: 0.8057
  Delta:      +0.1057 vs baseline

  Saved to: /home/vincent/researchRalph/results/exp093_tiny.json
RESULT: exp093_tiny = 0.8057 AUROC

========================================
RUNNING: exp094_elu at Tue Jan 20 06:39:06 AM UTC 2026
Probe: probes/exp094_elu.py
============================================================
EXPERIMENT: exp094_elu
============================================================

[1] Loading data...
    Using cached labels (matching cached features)
    Train: 1500 (500 AF)
    Test:  106 (51 AF)

[2] Loading features...
    Loading cached train features...
    Loading cached test features...

[3] Preparing data...
    Train: 1200, Val: 300, Test: 106

[4] Training probe...

[5] Evaluating...

============================================================
RESULTS
============================================================
  Val AUROC:  0.8956
  Test AUROC: 0.8342
  Delta:      +0.1342 vs baseline

  Saved to: /home/vincent/researchRalph/results/exp094_elu.json
RESULT: exp094_elu = 0.8342 AUROC

========================================
RUNNING: exp095_selu at Tue Jan 20 06:39:09 AM UTC 2026
Probe: probes/exp095_selu.py
============================================================
EXPERIMENT: exp095_selu
============================================================

[1] Loading data...
    Using cached labels (matching cached features)
    Train: 1500 (500 AF)
    Test:  106 (51 AF)

[2] Loading features...
    Loading cached train features...
    Loading cached test features...

[3] Preparing data...
    Train: 1200, Val: 300, Test: 106

[4] Training probe...
    Early stopping at epoch 163

[5] Evaluating...

============================================================
RESULTS
============================================================
  Val AUROC:  0.8912
  Test AUROC: 0.7875
  Delta:      +0.0875 vs baseline

  Saved to: /home/vincent/researchRalph/results/exp095_selu.json
RESULT: exp095_selu = 0.7875 AUROC

========================================
RUNNING: exp096_leaky at Tue Jan 20 06:39:11 AM UTC 2026
Probe: probes/exp096_leaky.py
============================================================
EXPERIMENT: exp096_leaky
============================================================

[1] Loading data...
    Using cached labels (matching cached features)
    Train: 1500 (500 AF)
    Test:  106 (51 AF)

[2] Loading features...
    Loading cached train features...
    Loading cached test features...

[3] Preparing data...
    Train: 1200, Val: 300, Test: 106

[4] Training probe...
    Early stopping at epoch 156

[5] Evaluating...

============================================================
RESULTS
============================================================
  Val AUROC:  0.8981
  Test AUROC: 0.8321
  Delta:      +0.1321 vs baseline

  Saved to: /home/vincent/researchRalph/results/exp096_leaky.json
RESULT: exp096_leaky = 0.8321 AUROC

========================================
RUNNING: exp097_swish at Tue Jan 20 06:39:14 AM UTC 2026
Probe: probes/exp097_swish.py
============================================================
EXPERIMENT: exp097_swish
============================================================

[1] Loading data...
    Using cached labels (matching cached features)
    Train: 1500 (500 AF)
    Test:  106 (51 AF)

[2] Loading features...
    Loading cached train features...
    Loading cached test features...

[3] Preparing data...
    Train: 1200, Val: 300, Test: 106

[4] Training probe...
    Early stopping at epoch 152

[5] Evaluating...

============================================================
RESULTS
============================================================
  Val AUROC:  0.8992
  Test AUROC: 0.8160
  Delta:      +0.1160 vs baseline

  Saved to: /home/vincent/researchRalph/results/exp097_swish.json
RESULT: exp097_swish = 0.816 AUROC

========================================
RUNNING: exp098_gelu at Tue Jan 20 06:39:16 AM UTC 2026
Probe: probes/exp098_gelu.py
============================================================
EXPERIMENT: exp098_gelu
============================================================

[1] Loading data...
    Using cached labels (matching cached features)
    Train: 1500 (500 AF)
    Test:  106 (51 AF)

[2] Loading features...
    Loading cached train features...
    Loading cached test features...

[3] Preparing data...
    Train: 1200, Val: 300, Test: 106

[4] Training probe...

[5] Evaluating...

============================================================
RESULTS
============================================================
  Val AUROC:  0.8965
  Test AUROC: 0.8324
  Delta:      +0.1324 vs baseline

  Saved to: /home/vincent/researchRalph/results/exp098_gelu.json
RESULT: exp098_gelu = 0.8324 AUROC

========================================
RUNNING: exp099_ensemble_vote at Tue Jan 20 06:39:18 AM UTC 2026
Probe: probes/exp099_ensemble_vote.py
============================================================
EXPERIMENT: exp099_ensemble_vote
============================================================

[1] Loading data...
    Using cached labels (matching cached features)
    Train: 1500 (500 AF)
    Test:  106 (51 AF)

[2] Loading features...
    Loading cached train features...
    Loading cached test features...

[3] Preparing data...
    Train: 1200, Val: 300, Test: 106

[4] Training probe...

[5] Evaluating...

============================================================
RESULTS
============================================================
  Val AUROC:  0.8864
  Test AUROC: 0.7772
  Delta:      +0.0772 vs baseline

  Saved to: /home/vincent/researchRalph/results/exp099_ensemble_vote.json
RESULT: exp099_ensemble_vote = 0.7772 AUROC

========================================
RUNNING: exp100_best_combo at Tue Jan 20 06:39:21 AM UTC 2026
Probe: probes/exp100_best_combo.py
============================================================
EXPERIMENT: exp100_best_combo
============================================================

[1] Loading data...
    Using cached labels (matching cached features)
    Train: 1500 (500 AF)
    Test:  106 (51 AF)

[2] Loading features...
    Loading cached train features...
    Loading cached test features...

[3] Preparing data...
    Train: 1200, Val: 300, Test: 106

[4] Training probe...

[5] Evaluating...

============================================================
RESULTS
============================================================
  Val AUROC:  0.8878
  Test AUROC: 0.7825
  Delta:      +0.0825 vs baseline

  Saved to: /home/vincent/researchRalph/results/exp100_best_combo.json
RESULT: exp100_best_combo = 0.7825 AUROC

========================================
Completed at Tue Jan 20 06:39:24 AM UTC 2026

FINAL RESULTS SUMMARY:
Rank  Experiment                     Val      Test     Delta   
------------------------------------------------------------
1     exp094_elu                     0.8956   0.8342   +0.1342
2     exp098_gelu                    0.8965   0.8324   +0.1324
3     exp096_leaky                   0.8981   0.8321   +0.1321
4     exp090_residual                0.8977   0.8196   +0.1196
5     exp097_swish                   0.8992   0.8160   +0.1160
6     exp092_wide                    0.8966   0.8135   +0.1135
7     exp044_batchnorm               0.8863   0.8128   +0.1128
8     exp091_deep                    0.8910   0.8109   +0.1109
9     exp093_tiny                    0.8905   0.8057   +0.1057
10    exp053_clip                    0.8872   0.8021   +0.1021
11    exp078_coactivation            0.8729   0.7995   +0.0995
12    exp054_clip_log                0.8864   0.7947   +0.0947
13    exp068_f2_only                 0.8824   0.7939   +0.0939
14    exp042_tanh                    0.8782   0.7936   +0.0936
15    exp050_skip_f1                 0.8789   0.7914   +0.0914
16    exp041_binary_log_l2reg        0.8885   0.7889   +0.0889
17    exp049_skip_f7                 0.8867   0.7879   +0.0879
18    exp095_selu                    0.8912   0.7875   +0.0875
19    exp011_binary_log              0.8879   0.7868   +0.0868
20    exp038_binary_log_median       0.8879   0.7865   +0.0865
